Base path: C:/Program Files (x86)/Unity/Editor/Data
Pipe name: \\.\pipe\UnityShaderCompiler-1-14040
Cmd: getPlatforms
Cmd: preprocess
  insize=9628 outsize=2300 ok=1
Cmd: preprocess
  insize=11084 outsize=719 ok=1
Cmd: preprocess
  insize=4203 outsize=523 ok=1
Cmd: preprocess
  insize=1685 outsize=352 ok=1
Cmd: preprocess
  insize=919 outsize=353 ok=1
Cmd: preprocess
  insize=1006 outsize=316 ok=1
Cmd: preprocess
  insize=1989 outsize=486 ok=1
Cmd: preprocess
  insize=1284 outsize=412 ok=1
Cmd: preprocess
  insize=1546 outsize=457 ok=1
Cmd: preprocess
  insize=1108 outsize=458 ok=1
Cmd: preprocess
  insize=1183 outsize=296 ok=1
Cmd: preprocess
  insize=1116 outsize=409 ok=1
Cmd: preprocess
  insize=6870 outsize=844 ok=1
Cmd: preprocess
  insize=1192 outsize=314 ok=1
Cmd: preprocess
  insize=2671 outsize=774 ok=1
Cmd: preprocess
  insize=968 outsize=305 ok=1
Cmd: preprocess
  insize=1377 outsize=384 ok=1
Cmd: preprocess
  insize=1437 outsize=347 ok=1
Cmd: preprocess
  insize=1709 outsize=728 ok=1
Cmd: preprocess
  insize=1403 outsize=346 ok=1
Cmd: preprocess
  insize=1116 outsize=325 ok=1
Cmd: preprocess
  insize=2165 outsize=643 ok=1
Cmd: preprocess
  insize=965 outsize=271 ok=1
Cmd: preprocess
  insize=790 outsize=320 ok=1
Cmd: preprocess
  insize=7793 outsize=1157 ok=1
Cmd: compileSnippet
  error: 2 plat 4 at (44): 'vert': output parameter 'o' not completely initialized
  api=4 type=0 insize=12092 outsize=0 kw=DIRECTIONAL SHADOWS_OFF LIGHTMAP_OFF DIRLIGHTMAP_OFF ok=0
Cmd: preprocess
  insize=32615 outsize=273 ok=1
Cmd: preprocess
  insize=1216 outsize=260 ok=1
Cmd: preprocess
  insize=3375 outsize=706 ok=1
Cmd: preprocess
  insize=1038 outsize=358 ok=1
Cmd: preprocess
  insize=2494 outsize=782 ok=1
Cmd: preprocess
  insize=7424 outsize=1109 ok=1
Cmd: preprocess
  insize=977 outsize=438 ok=1
Cmd: preprocess
  insize=13919 outsize=2635 ok=1
Cmd: preprocess
  insize=1950 outsize=489 ok=1
Cmd: preprocess
  insize=1604 outsize=302 ok=1
Cmd: preprocess
  insize=24592 outsize=3233 ok=1
Cmd: preprocess
  insize=2633 outsize=353 ok=1
Cmd: preprocess
  error: 1 plat 15 at (95): Compiling shaders to OpenGL ES 2.0, Xbox 360, PS3, Flash or DX11 requires both vertex and fragment programs
  insize=2292 outsize=1222 ok=1
Cmd: preprocess
  insize=1737 outsize=297 ok=1
Cmd: preprocess
  insize=1026 outsize=351 ok=1
Cmd: preprocess
  insize=738 outsize=267 ok=1
Cmd: preprocess
  insize=5809 outsize=873 ok=1
Cmd: preprocess
  insize=586 outsize=360 ok=1
Cmd: preprocess
  insize=32625 outsize=273 ok=1
Cmd: preprocess
  insize=5109 outsize=1741 ok=1
Cmd: preprocess
  insize=6780 outsize=255 ok=1
Cmd: preprocess
  insize=4425 outsize=555 ok=1
Cmd: preprocess
  insize=4869 outsize=1093 ok=1
Cmd: preprocess
  insize=10958 outsize=1310 ok=1
Cmd: compileSnippet
  error: 2 plat 4 at (47): 'vert': output parameter 'o' not completely initialized
  api=4 type=0 insize=15013 outsize=0 kw=DIRECTIONAL SHADOWS_OFF LIGHTMAP_OFF DIRLIGHTMAP_OFF ok=0
Cmd: preprocess
  insize=778 outsize=304 ok=1
Cmd: preprocess
  insize=721 outsize=317 ok=1
Cmd: preprocess
  insize=4076 outsize=685 ok=1
Cmd: preprocess
  insize=883 outsize=301 ok=1
Cmd: preprocess
  insize=1339 outsize=296 ok=1
Cmd: preprocess
  insize=2143 outsize=983 ok=1
Cmd: preprocess
  insize=1080 outsize=489 ok=1
Cmd: preprocess
  insize=1213 outsize=389 ok=1
Cmd: preprocess
  insize=574 outsize=259 ok=1
Cmd: preprocess
  insize=724 outsize=315 ok=1
Cmd: preprocess
  insize=1727 outsize=682 ok=1
